FBgn0010247 P35875

P35875

FBgn0000500 P09040

P09040

FBgn0015331 Q9V3C0

Q9V3C0

FBgn0010225 Q07171

Q07171

FBgn0010225 Q07171

Q07171

FBgn0010225 Q07171

Q07171

FBgn0010225 Q07171

Q07171

FBgn0010225 Q07171

Q07171

FBgn0010225 Q07171

Q07171

FBgn0010225 Q07171

Q07171

FBgn0041621 P82986

P82986

FBgn0041605 Q8IPM8

Q8IPM8

FBgn0041605 Q8IPM8

Q8IPM8

FBgn0041605 Q8IPM8

Q8IPM8

FBgn0041605 Q8IPM8

Q8IPM8

FBgn0041605 Q8IPM8

Q8IPM8

FBgn0041605 Q8IPM8

Q8IPM8

FBgn0041605 Q8IPM8

Q8IPM8

FBgn0041605 Q8IPM8

Q8IPM8

FBgn0041605 Q8IPM8

Q8IPM8

FBgn0041605 Q8IPM8

Q8IPM8

FBgn0041605 Q8IPM8

Q8IPM8

FBgn0041605 Q8IPM8

Q8IPM8

FBgn0041605 Q8IPM8

Q8IPM8

FBgn0041605 Q8IPM8

Q8IPM8

FBgn0041605 Q8IPM8

Q8IPM8

FBgn0041605 Q8IPM8

Q8IPM8

FBgn0041605 Q8IPM8

Q8IPM8

FBgn0041605 Q8IPM8

Q8IPM8

FBgn0041605 Q8IPM8

Q8IPM8

FBgn0041605 Q8IPM8

Q8IPM8

FBgn0041605 Q8IPM8

Q8IPM8

