STRG.59.2 [748] [398]
STRG.59.2 [3107] [3091]
STRG.59.2 [3108] [3092]
STRG.59.2 [417] [4559]
STRG.59.2 [418] [4560]
STRG.59.2 [3623] [4562]
STRG.59.2 [159] [4669]
STRG.59.2 [106] [4891]
STRG.59.2 [107] [4892]
STRG.59.2 [400] [5578]
STRG.59.2 [3769] [6778]
STRG.59.2 [1351] [7027]
STRG.59.2 [4481] [8592]
STRG.59.2 [4482] [8593]
STRG.59.2 [4019] [9370]
STRG.59.2 [4020] [9371]
STRG.59.2 [3741] [10163]
STRG.59.2 [363] [10584]
STRG.59.2 [364] [10585]
STRG.59.2 [365] [10586]
STRG.59.2 [1103] [10754]
STRG.59.2 [4783] [11250]
STRG.59.2 [4040] [11639]
STRG.59.2 [4041] [11640]
STRG.59.2 [4696] [12455]
STRG.59.2 [4697] [12456]
STRG.59.2 [4665] [14132]
STRG.59.2 [4327] [14624]
STRG.59.2 [3367] [15162]
STRG.59.2 [4662] [16194]
STRG.59.2 [3667] [16733]
STRG.59.2 [3668] [16734]
STRG.59.2 [3935] [17251]
STRG.59.2 [234] [18321]
STRG.59.2 [1564] [18331]
STRG.59.2 [1565] [18332]
STRG.59.2 [2839] [18415]
STRG.59.2 [2840] [18416]
STRG.59.2 [2871] [19115]
STRG.59.2 [292] [19124]
STRG.59.2 [368] [21474]
STRG.59.2 [3365] [22353]
STRG.59.2 [3979] [22396]
STRG.59.2 [4570] [22612]
STRG.59.2 [1659] [23269]
STRG.59.2 [4483] [26150]
STRG.59.2 [546] [26396]
STRG.59.2 [4586] [26782]
STRG.59.2 [2720] [26851]
STRG.59.2 [2661] [26894]
STRG.59.2 [2662] [26895]
STRG.59.2 [2663] [26896]
STRG.59.2 [1397] [28293]
STRG.59.2 [218] [28373]
STRG.59.2 [3001] [28734, 34546]
STRG.59.2 [3002] [28735]
STRG.59.2 [1708] [28829]
STRG.59.2 [1709] [28830]
STRG.59.2 [3283] [29246]
STRG.59.2 [1202] [29460, 42651]
STRG.59.2 [3558] [29614]
STRG.59.2 [997] [29703]
STRG.59.2 [998] [29704]
STRG.59.2 [999] [29705]
STRG.59.2 [49] [29825]
STRG.59.2 [3295] [30080]
STRG.59.2 [3296] [30081]
STRG.59.2 [4374] [30107]
STRG.59.2 [3448] [30197]
STRG.59.2 [2421] [32711]
STRG.59.2 [1588] [34476]
STRG.59.2 [3499] [35916]
STRG.59.2 [925] [36230, 54403]
STRG.59.2 [926] [36231]
STRG.59.2 [766] [36755, 92601]
STRG.59.2 [3291] [37882]
STRG.59.2 [3292] [37883]
STRG.59.2 [1189] [38929]
STRG.59.2 [4452] [40208]
STRG.59.2 [2888] [40515]
STRG.59.2 [2184] [40768]
STRG.59.2 [2185] [40769]
STRG.59.2 [2186] [40770]
STRG.59.2 [2187] [40771, 55930]
STRG.59.2 [2188] [40772]
STRG.59.2 [2189] [40773, 40785]
STRG.59.2 [2791] [41048]
STRG.59.2 [2792] [41049]
STRG.59.2 [1201] [42650]
STRG.59.2 [421] [42723]
STRG.59.2 [422] [42724]
STRG.59.2 [423] [42725]
STRG.59.2 [2933] [44434]
STRG.59.2 [2213] [44710]
STRG.59.2 [3757] [44733]
STRG.59.2 [3515] [45711]
STRG.59.2 [1391] [46653, 82593, 82611, 82629, 92573, 92582]
STRG.59.2 [767] [46667, 89724]
STRG.59.2 [2352] [47048, 57549, 95189]
STRG.59.2 [1436] [47210]
STRG.59.2 [1772] [47278]
STRG.59.2 [341] [49343]
STRG.59.2 [342] [49344]
STRG.59.2 [740] [50193]
STRG.59.2 [741] [50194]
STRG.59.2 [1785] [51130]
STRG.59.2 [981] [51674]
STRG.59.2 [1293] [51712]
STRG.59.2 [1294] [51713]
STRG.59.2 [1295] [51714]
STRG.59.2 [4738] [51727]
STRG.59.2 [378] [52219]
STRG.59.2 [379] [52220]
STRG.59.2 [775] [52774]
STRG.59.2 [109] [53629]
STRG.59.2 [110] [53630]
STRG.59.2 [1860] [55442]
STRG.59.2 [1861] [55443]
STRG.59.2 [995] [56265]
STRG.59.2 [996] [56266]
STRG.59.2 [831] [56925]
STRG.59.2 [832] [56926]
STRG.59.2 [2348] [57533, 57563]
STRG.59.2 [2353] [57550]
STRG.59.2 [2354] [57551]
STRG.59.2 [2351] [57554, 95188]
STRG.59.2 [298] [57645]
STRG.59.2 [299] [57646]
STRG.59.2 [937] [58653]
STRG.59.2 [4335] [59165]
STRG.59.2 [4336] [59166]
STRG.59.2 [3602] [59184]
STRG.59.2 [1740] [60099]
STRG.59.2 [1035] [60790]
STRG.59.2 [768] [60934, 89725]
STRG.59.2 [3519] [61793]
STRG.59.2 [2764] [63455]
STRG.59.2 [3070] [64399]
STRG.59.2 [1874] [65099]
STRG.59.2 [539] [66609]
STRG.59.2 [1154] [66697, 67063]
STRG.59.2 [1155] [66698, 67064]
STRG.59.2 [752] [66781]
STRG.59.2 [753] [66782]
STRG.59.2 [1156] [67065]
STRG.59.2 [1157] [67066]
STRG.59.2 [1158] [67067]
STRG.59.2 [1105] [68219]
STRG.59.2 [3774] [68480]
STRG.59.2 [508] [68685]
STRG.59.2 [509] [68686]
STRG.59.2 [1068] [69403]
STRG.59.2 [2120] [70330]
STRG.59.2 [2121] [70331]
STRG.59.2 [952] [71980]
STRG.59.2 [1352] [72061]
STRG.59.2 [3408] [72204]
STRG.59.2 [2392] [72640]
STRG.59.2 [3420] [72648]
STRG.59.2 [2420] [72866]
STRG.59.2 [1268] [73462]
STRG.59.2 [1269] [73463]
STRG.59.2 [778] [75333]
STRG.59.2 [2751] [76396]
STRG.59.2 [3919] [77148]
STRG.59.2 [2675] [79944]
STRG.59.2 [654] [81564]
STRG.59.2 [4251] [82453]
STRG.59.2 [4252] [82454]
STRG.59.2 [779] [84288]
STRG.59.2 [968] [85549]
STRG.59.2 [969] [85550]
STRG.59.2 [1107] [85845]
STRG.59.2 [537] [86985]
STRG.59.2 [1879] [87006]
STRG.59.2 [3639] [88178]
STRG.59.2 [2880] [88280]
STRG.59.2 [535] [88431]
STRG.59.2 [3238] [89381]
STRG.59.2 [1386] [89651]
STRG.59.2 [769] [89726]
STRG.59.2 [116] [90106]
STRG.59.2 [3058] [90448]
STRG.59.2 [2602] [90767]
STRG.59.2 [3711] [91960]
STRG.59.2 [3734] [92322]
STRG.59.2 [1392] [92583]
STRG.59.2 [765] [92600]
STRG.59.2 [726] [95107]
STRG.59.2 [2350] [95187]
STRG.59.2 [1199] [95797]
STRG.59.2 [3748] [95856]
STRG.59.2 [2073] [96676]
STRG.59.2 [2228] [97386, 97389]
STRG.59.2 [2408] [97411]
STRG.59.2 [117] [98100]
STRG.59.2 [1100] [98610]
STRG.59.2 [3885] [98761]
STRG.59.2 [3886] [98762]
STRG.59.2 [1148] [99602]
